Determining if the pthread_create exist failed with the following output:
Change Dir: /home/dank-engine/trtlbt/build/CMakeFiles/CMakeTmp

Run Build Command:"/usr/bin/make" "cmTC_635ee/fast"
/usr/bin/make -f CMakeFiles/cmTC_635ee.dir/build.make CMakeFiles/cmTC_635ee.dir/build
make[1]: Entering directory '/home/dank-engine/trtlbt/build/CMakeFiles/CMakeTmp'
Building C object CMakeFiles/cmTC_635ee.dir/CheckSymbolExists.c.o
/usr/bin/cc     -o CMakeFiles/cmTC_635ee.dir/CheckSymbolExists.c.o   -c /home/dank-engine/trtlbt/build/CMakeFiles/CMakeTmp/CheckSymbolExists.c
Linking C executable cmTC_635ee
/usr/bin/cmake -E cmake_link_script CMakeFiles/cmTC_635ee.dir/link.txt --verbose=1
/usr/bin/cc       CMakeFiles/cmTC_635ee.dir/CheckSymbolExists.c.o  -o cmTC_635ee -rdynamic 
CMakeFiles/cmTC_635ee.dir/CheckSymbolExists.c.o: In function `main':
CheckSymbolExists.c:(.text+0x16): undefined reference to `pthread_create'
collect2: error: ld returned 1 exit status
CMakeFiles/cmTC_635ee.dir/build.make:97: recipe for target 'cmTC_635ee' failed
make[1]: *** [cmTC_635ee] Error 1
make[1]: Leaving directory '/home/dank-engine/trtlbt/build/CMakeFiles/CMakeTmp'
Makefile:126: recipe for target 'cmTC_635ee/fast' failed
make: *** [cmTC_635ee/fast] Error 2

File /home/dank-engine/trtlbt/build/CMakeFiles/CMakeTmp/CheckSymbolExists.c:
/* */
#include <pthread.h>

int main(int argc, char** argv)
{
  (void)argv;
#ifndef pthread_create
  return ((int*)(&pthread_create))[argc];
#else
  (void)argc;
  return 0;
#endif
}

Determining if the function pthread_create exists in the pthreads failed with the following output:
Change Dir: /home/dank-engine/trtlbt/build/CMakeFiles/CMakeTmp

Run Build Command:"/usr/bin/make" "cmTC_963ee/fast"
/usr/bin/make -f CMakeFiles/cmTC_963ee.dir/build.make CMakeFiles/cmTC_963ee.dir/build
make[1]: Entering directory '/home/dank-engine/trtlbt/build/CMakeFiles/CMakeTmp'
Building C object CMakeFiles/cmTC_963ee.dir/CheckFunctionExists.c.o
/usr/bin/cc    -DCHECK_FUNCTION_EXISTS=pthread_create   -o CMakeFiles/cmTC_963ee.dir/CheckFunctionExists.c.o   -c /usr/share/cmake-3.5/Modules/CheckFunctionExists.c
Linking C executable cmTC_963ee
/usr/bin/cmake -E cmake_link_script CMakeFiles/cmTC_963ee.dir/link.txt --verbose=1
/usr/bin/cc   -DCHECK_FUNCTION_EXISTS=pthread_create    CMakeFiles/cmTC_963ee.dir/CheckFunctionExists.c.o  -o cmTC_963ee -rdynamic -lpthreads 
/usr/bin/ld: cannot find -lpthreads
collect2: error: ld returned 1 exit status
CMakeFiles/cmTC_963ee.dir/build.make:97: recipe for target 'cmTC_963ee' failed
make[1]: *** [cmTC_963ee] Error 1
make[1]: Leaving directory '/home/dank-engine/trtlbt/build/CMakeFiles/CMakeTmp'
Makefile:126: recipe for target 'cmTC_963ee/fast' failed
make: *** [cmTC_963ee/fast] Error 2


